<?xml version="1.0" encoding="UTF-8"?>
<testng-results ignored="0" total="1" passed="1" failed="0" skipped="0">
  <reporter-output>
  </reporter-output>
  <suite started-at="2022-03-23T16:30:03Z" name="Default suite" finished-at="2022-03-23T16:30:05Z" duration-ms="1963">
    <groups>
    </groups>
    <test started-at="2022-03-23T16:30:03Z" name="Default test" finished-at="2022-03-23T16:30:05Z" duration-ms="1963">
      <class name="com.restAssured.Crud.POSTRequest">
        <test-method is-config="true" signature="setUp()[pri:0, instance:com.restAssured.Crud.POSTRequest@38604b81]" started-at="2022-03-23T16:30:03Z" name="setUp" finished-at="2022-03-23T16:30:03Z" duration-ms="76" status="PASS">
          <reporter-output>
          </reporter-output>
        </test-method> <!-- setUp -->
        <test-method is-config="true" signature="createData()[pri:0, instance:com.restAssured.Crud.POSTRequest@38604b81]" started-at="2022-03-23T16:30:03Z" name="createData" finished-at="2022-03-23T16:30:03Z" duration-ms="302" status="PASS">
          <reporter-output>
          </reporter-output>
        </test-method> <!-- createData -->
        <test-method signature="createNewUser()[pri:0, instance:com.restAssured.Crud.POSTRequest@38604b81]" started-at="2022-03-23T16:30:03Z" name="createNewUser" finished-at="2022-03-23T16:30:05Z" duration-ms="1569" status="PASS">
          <reporter-output>
          </reporter-output>
        </test-method> <!-- createNewUser -->
      </class> <!-- com.restAssured.Crud.POSTRequest -->
    </test> <!-- Default test -->
  </suite> <!-- Default suite -->
</testng-results>
